2016-12-02 13:21:58,673 [Worker-7] INFO  o.e.m.c.i.l.LifecycleMappingFactory - Using org.eclipse.m2e.jdt.JarLifecycleMapping lifecycle mapping for MavenProject: com.trader:Inv-DataPersistency:1.0-SNAPSHOT @ C:\Users\Admin\Desktop\Inv versions\v1\Inv-Root\Inv-DataPersistency\pom.xml.
2016-12-02 13:21:59,041 [Worker-7] INFO  o.e.m.c.i.l.LifecycleMappingFactory - Using org.eclipse.m2e.jdt.JarLifecycleMapping lifecycle mapping for MavenProject: com.trader:Inv-BusinessService:1.0-SNAPSHOT @ C:\Users\Admin\Desktop\Inv versions\v1\Inv-Root\Inv-BusinessService\pom.xml.
2016-12-02 13:21:59,196 [Worker-7] INFO  o.e.m.c.i.l.LifecycleMappingFactory - Using org.maven.ide.eclipse.wtp.WarLifecycleMapping lifecycle mapping for MavenProject: com.trader:Inv-RestApi:1.0-SNAPSHOT @ C:\Users\Admin\Desktop\Inv versions\v1\Inv-Root\Inv-RestApi\pom.xml.
2016-12-02 13:22:02,451 [Worker-7] INFO  o.e.m.j.i.AbstractJavaProjectConfigurator - Adding source folder /Inv-DataPersistency/src/main/java
2016-12-02 13:22:02,452 [Worker-7] INFO  o.e.m.j.i.AbstractJavaProjectConfigurator - Adding resource folder /Inv-DataPersistency/src/main/resources
2016-12-02 13:22:02,453 [Worker-7] INFO  o.e.m.j.i.AbstractJavaProjectConfigurator - Adding source folder /Inv-DataPersistency/src/test/java
2016-12-02 13:22:02,454 [Worker-7] INFO  o.e.m.j.i.AbstractJavaProjectConfigurator - Adding resource folder /Inv-DataPersistency/src/test/resources
2016-12-02 13:22:02,674 [Worker-7] INFO  o.e.m.j.i.AbstractJavaProjectConfigurator - Adding source folder /Inv-BusinessService/src/main/java
2016-12-02 13:22:02,675 [Worker-7] INFO  o.e.m.j.i.AbstractJavaProjectConfigurator - Adding resource folder /Inv-BusinessService/src/main/resources
2016-12-02 13:22:02,677 [Worker-7] INFO  o.e.m.j.i.AbstractJavaProjectConfigurator - Adding source folder /Inv-BusinessService/src/test/java
2016-12-02 13:22:02,678 [Worker-7] INFO  o.e.m.j.i.AbstractJavaProjectConfigurator - Adding resource folder /Inv-BusinessService/src/test/resources
2016-12-02 13:22:02,847 [Worker-7] INFO  o.e.m.j.i.AbstractJavaProjectConfigurator - Adding source folder /Inv-RestApi/src/main/java
2016-12-02 13:22:02,848 [Worker-7] INFO  o.e.m.j.i.AbstractJavaProjectConfigurator - Adding resource folder /Inv-RestApi/src/main/resources
2016-12-02 13:22:02,849 [Worker-7] INFO  o.e.m.j.i.AbstractJavaProjectConfigurator - Adding source folder /Inv-RestApi/src/test/java
2016-12-02 13:22:02,852 [Worker-7] INFO  o.e.m.j.i.AbstractJavaProjectConfigurator - Adding resource folder /Inv-RestApi/src/test/resources
2016-12-02 13:22:06,831 [Worker-7] INFO  o.e.m.c.i.p.ProjectConfigurationManager - Imported and configured 3 project(s) in 11 sec
2016-12-02 13:22:26,055 [main] INFO  o.e.m2e.actions.ExecutePomAction - Creating new launch configuration
2016-12-02 13:22:35,704 [Worker-2] INFO  o.e.m.i.launch.MavenLaunchDelegate - C:\Users\Admin\Desktop\Inv versions\v1\Inv-Root\Inv-RestApi
2016-12-02 13:22:35,705 [Worker-2] INFO  o.e.m.i.launch.MavenLaunchDelegate -  mvn  -B clean install
2016-12-02 13:24:13,014 [Worker-4] INFO  o.e.m.c.i.l.LifecycleMappingFactory - Using org.eclipse.m2e.jdt.JarLifecycleMapping lifecycle mapping for MavenProject: com.trader:Inv-DataPersistency:1.0-SNAPSHOT @ C:\Users\Admin\Desktop\Inv versions\v1\Inv-Root\Inv-DataPersistency\pom.xml.
2016-12-02 13:24:13,144 [Worker-4] INFO  o.e.m.c.i.l.LifecycleMappingFactory - Using org.eclipse.m2e.jdt.JarLifecycleMapping lifecycle mapping for MavenProject: com.trader:Inv-BusinessService:1.0-SNAPSHOT @ C:\Users\Admin\Desktop\Inv versions\v1\Inv-Root\Inv-BusinessService\pom.xml.
2016-12-02 13:24:13,227 [Worker-4] INFO  o.e.m.c.i.l.LifecycleMappingFactory - Using org.maven.ide.eclipse.wtp.WarLifecycleMapping lifecycle mapping for MavenProject: com.trader:Inv-RestApi:1.0-SNAPSHOT @ C:\Users\Admin\Desktop\Inv versions\v1\Inv-Root\Inv-RestApi\pom.xml.
2016-12-02 13:24:15,077 [Worker-4] INFO  o.e.m.j.i.AbstractJavaProjectConfigurator - Adding source folder /Inv-DataPersistency/src/main/java
2016-12-02 13:24:15,078 [Worker-4] INFO  o.e.m.j.i.AbstractJavaProjectConfigurator - Adding resource folder /Inv-DataPersistency/src/main/resources
2016-12-02 13:24:15,079 [Worker-4] INFO  o.e.m.j.i.AbstractJavaProjectConfigurator - Adding source folder /Inv-DataPersistency/src/test/java
2016-12-02 13:24:15,079 [Worker-4] INFO  o.e.m.j.i.AbstractJavaProjectConfigurator - Adding resource folder /Inv-DataPersistency/src/test/resources
2016-12-02 13:24:15,243 [Worker-4] INFO  o.e.m.j.i.AbstractJavaProjectConfigurator - Adding source folder /Inv-BusinessService/src/main/java
2016-12-02 13:24:15,243 [Worker-4] INFO  o.e.m.j.i.AbstractJavaProjectConfigurator - Adding resource folder /Inv-BusinessService/src/main/resources
2016-12-02 13:24:15,244 [Worker-4] INFO  o.e.m.j.i.AbstractJavaProjectConfigurator - Adding source folder /Inv-BusinessService/src/test/java
2016-12-02 13:24:15,245 [Worker-4] INFO  o.e.m.j.i.AbstractJavaProjectConfigurator - Adding resource folder /Inv-BusinessService/src/test/resources
2016-12-02 13:24:15,376 [Worker-4] INFO  o.e.m.j.i.AbstractJavaProjectConfigurator - Adding source folder /Inv-RestApi/src/main/java
2016-12-02 13:24:15,376 [Worker-4] INFO  o.e.m.j.i.AbstractJavaProjectConfigurator - Adding resource folder /Inv-RestApi/src/main/resources
2016-12-02 13:24:15,377 [Worker-4] INFO  o.e.m.j.i.AbstractJavaProjectConfigurator - Adding source folder /Inv-RestApi/src/test/java
2016-12-02 13:24:15,377 [Worker-4] INFO  o.e.m.j.i.AbstractJavaProjectConfigurator - Adding resource folder /Inv-RestApi/src/test/resources
2016-12-02 13:24:16,851 [Worker-4] INFO  o.e.m.c.i.p.ProjectConfigurationManager - Imported and configured 3 project(s) in 4 sec
2016-12-02 13:24:39,090 [main] INFO  o.e.m2e.actions.ExecutePomAction - Creating new launch configuration
2016-12-02 13:24:44,828 [Worker-0] INFO  o.e.m.i.launch.MavenLaunchDelegate - C:\Users\Admin\Desktop\Inv versions\v1\Inv-Root\Inv-DataPersistency
2016-12-02 13:24:44,829 [Worker-0] INFO  o.e.m.i.launch.MavenLaunchDelegate -  mvn  -B clean install
2016-12-02 13:24:54,059 [main] INFO  o.e.m2e.actions.ExecutePomAction - Creating new launch configuration
2016-12-02 13:25:00,316 [Worker-11] INFO  o.e.m.i.launch.MavenLaunchDelegate - C:\Users\Admin\Desktop\Inv versions\v1\Inv-Root\Inv-BusinessService
2016-12-02 13:25:00,316 [Worker-11] INFO  o.e.m.i.launch.MavenLaunchDelegate -  mvn  -B clean install
2016-12-02 13:25:08,328 [main] INFO  o.e.m2e.actions.ExecutePomAction - Creating new launch configuration
2016-12-02 13:25:14,455 [Worker-0] INFO  o.e.m.i.launch.MavenLaunchDelegate - C:\Users\Admin\Desktop\Inv versions\v1\Inv-Root\Inv-RestApi
2016-12-02 13:25:14,455 [Worker-0] INFO  o.e.m.i.launch.MavenLaunchDelegate -  mvn  -B clean install
2016-12-02 13:25:23,055 [main] INFO  o.e.m2e.actions.ExecutePomAction - Creating new launch configuration
2016-12-02 13:25:30,421 [Worker-9] INFO  o.e.m.i.launch.MavenLaunchDelegate - C:\Users\Admin\Desktop\Inv versions\v1\Inv-Root\Inv-RestApi
2016-12-02 13:25:30,422 [Worker-9] INFO  o.e.m.i.launch.MavenLaunchDelegate -  mvn  -B tomcat7:run
